  [1m[35m (742.0ms)[0m  [1m[35mCREATE DATABASE "polymorph_concerns_development" ENCODING = 'unicode'[0m
  ↳ bin/rails:9
  [1m[35m (484.1ms)[0m  [1m[35mCREATE DATABASE "polymorph_concerns_test" ENCODING = 'unicode'[0m
  ↳ bin/rails:9
  [1m[35m (52.0ms)[0m  [1m[35mCREATE TABLE "schema_migrations" ("version" character varying NOT NULL PRIMARY KEY)[0m
  ↳ bin/rails:9
  [1m[35m (17.8ms)[0m  [1m[35mCREATE TABLE "ar_internal_metadata" ("key" character varying NOT NULL PRIMARY KEY, "value" character varying, "created_at" timestamp NOT NULL, "updated_at" timestamp NOT NULL)[0m
  ↳ bin/rails:9
  [1m[35m (1.6ms)[0m  [1m[34mSELECT pg_try_advisory_lock(6537665228384548545)[0m
  ↳ bin/rails:9
  [1m[35m (0.9ms)[0m  [1m[34mSELECT "schema_migrations"."version" FROM "schema_migrations" ORDER BY "schema_migrations"."version" ASC[0m
  ↳ bin/rails:9
Migrating to CreateCorgis (20181022114233)
  [1m[35m (0.3ms)[0m  [1m[35mBEGIN[0m
  ↳ bin/rails:9
  [1m[35m (18.2ms)[0m  [1m[35mCREATE TABLE "corgis" ("id" bigserial primary key, "name" character varying NOT NULL)[0m
  ↳ db/migrate/20181022114233_create_corgis.rb:3
  [1m[36mActiveRecord::SchemaMigration Create (10.4ms)[0m  [1m[32mINSERT INTO "schema_migrations" ("version") VALUES ($1) RETURNING "version"[0m  [["version", "20181022114233"]]
  ↳ bin/rails:9
  [1m[35m (0.7ms)[0m  [1m[35mCOMMIT[0m
  ↳ bin/rails:9
Migrating to CreateCat (20181022114240)
  [1m[35m (0.5ms)[0m  [1m[35mBEGIN[0m
  ↳ bin/rails:9
  [1m[35m (5.5ms)[0m  [1m[35mCREATE TABLE "cats" ("id" bigserial primary key, "name" character varying NOT NULL)[0m
  ↳ db/migrate/20181022114240_create_cat.rb:3
  [1m[36mActiveRecord::SchemaMigration Create (0.6ms)[0m  [1m[32mINSERT INTO "schema_migrations" ("version") VALUES ($1) RETURNING "version"[0m  [["version", "20181022114240"]]
  ↳ bin/rails:9
  [1m[35m (1.0ms)[0m  [1m[35mCOMMIT[0m
  ↳ bin/rails:9
Migrating to CreateToys (20181022114251)
  [1m[35m (0.5ms)[0m  [1m[35mBEGIN[0m
  ↳ bin/rails:9
  [1m[35m (7.0ms)[0m  [1m[35mCREATE TABLE "toys" ("id" bigserial primary key, "name" character varying NOT NULL, "toyable_type" character varying, "toyable_id" bigint)[0m
  ↳ db/migrate/20181022114251_create_toys.rb:3
  [1m[35m (3.2ms)[0m  [1m[35mCREATE  INDEX  "index_toys_on_toyable_type_and_toyable_id" ON "toys"  ("toyable_type", "toyable_id")[0m
  ↳ db/migrate/20181022114251_create_toys.rb:3
  [1m[35m (3.9ms)[0m  [1m[35mCREATE UNIQUE INDEX  "index_toys_on_name_and_toyable_id_and_toyable_type" ON "toys"  ("name", "toyable_id", "toyable_type")[0m
  ↳ db/migrate/20181022114251_create_toys.rb:8
  [1m[36mActiveRecord::SchemaMigration Create (0.6ms)[0m  [1m[32mINSERT INTO "schema_migrations" ("version") VALUES ($1) RETURNING "version"[0m  [["version", "20181022114251"]]
  ↳ bin/rails:9
  [1m[35m (0.8ms)[0m  [1m[35mCOMMIT[0m
  ↳ bin/rails:9
  [1m[36mActiveRecord::InternalMetadata Load (1.0ms)[0m  [1m[34mSELECT  "ar_internal_metadata".* FROM "ar_internal_metadata" WHERE "ar_internal_metadata"."key" = $1 LIMIT $2[0m  [["key", "environment"], ["LIMIT", 1]]
  ↳ bin/rails:9
  [1m[35m (0.2ms)[0m  [1m[35mBEGIN[0m
  ↳ bin/rails:9
  [1m[36mActiveRecord::InternalMetadata Create (1.8ms)[0m  [1m[32mINSERT INTO "ar_internal_metadata" ("key", "value", "created_at", "updated_at") VALUES ($1, $2, $3, $4) RETURNING "key"[0m  [["key", "environment"], ["value", "development"], ["created_at", "2018-10-22 11:46:23.655865"], ["updated_at", "2018-10-22 11:46:23.655865"]]
  ↳ bin/rails:9
  [1m[35m (0.5ms)[0m  [1m[35mCOMMIT[0m
  ↳ bin/rails:9
  [1m[35m (0.3ms)[0m  [1m[34mSELECT pg_advisory_unlock(6537665228384548545)[0m
  ↳ bin/rails:9
  [1m[35m (1.5ms)[0m  [1m[34mSELECT "schema_migrations"."version" FROM "schema_migrations" ORDER BY "schema_migrations"."version" ASC[0m
  ↳ bin/rails:9
  [1m[36mToy Load (2.8ms)[0m  [1m[34mSELECT  "toys".* FROM "toys" LIMIT $1[0m  [["LIMIT", 11]]
  [1m[36mToy Load (2.3ms)[0m  [1m[34mSELECT  "toys".* FROM "toys" WHERE "toys"."name" = $1 LIMIT $2[0m  [["name", "ball"], ["LIMIT", 1]]
  [1m[35m (0.5ms)[0m  [1m[35mBEGIN[0m
  [1m[36mToy Exists (0.7ms)[0m  [1m[34mSELECT  1 AS one FROM "toys" WHERE "toys"."toyable_id" IS NULL AND "toys"."name" = $1 LIMIT $2[0m  [["name", "ball"], ["LIMIT", 1]]
  [1m[35m (0.3ms)[0m  [1m[31mROLLBACK[0m
  [1m[35m (1.2ms)[0m  [1m[34mSELECT "schema_migrations"."version" FROM "schema_migrations" ORDER BY "schema_migrations"."version" ASC[0m
  ↳ bin/rails:9
